<?xml version="1.0" encoding="UTF-8"?>
<!-- Generated by org.testng.reporters.JUnitXMLReporter -->
<testsuite ignored="36" hostname="Geetha" failures="0" tests="1" name="chormeTest" time="21.641" errors="0" timestamp="2023-06-20T20:04:06 PDT">
  <testcase classname="com.automation.testscripts.AutomationScripts" name="View_Contact_Details_FromView_TestScript_29" time="18.338"/>
  <testcase classname="com.automation.testscripts.AutomationScripts" name="Success_login_RememberMe_TestScript_03" time="0.0">
    <ignored/>
  </testcase> <!-- Success_login_RememberMe_TestScript_03 -->
  <testcase classname="com.automation.testscripts.AutomationScripts" name="Login_Error_Message_TestScript_01" time="0.0">
    <ignored/>
  </testcase> <!-- Login_Error_Message_TestScript_01 -->
  <testcase classname="com.automation.testscripts.AutomationScripts" name="Stuck_Opportunities_Report_TestScript_18" time="0.0">
    <ignored/>
  </testcase> <!-- Stuck_Opportunities_Report_TestScript_18 -->
  <testcase classname="com.automation.testscripts.AutomationScripts" name="Lead_Dropdown_ListContents_TestScript_21" time="0.0">
    <ignored/>
  </testcase> <!-- Lead_Dropdown_ListContents_TestScript_21 -->
  <testcase classname="com.automation.testscripts.AutomationScripts" name="Create_NewView_ErrorMessage_TestScript_30" time="0.0">
    <ignored/>
  </testcase> <!-- Create_NewView_ErrorMessage_TestScript_30 -->
  <testcase classname="com.automation.testscripts.AutomationScripts" name="MyContacts_View_TestScript_28" time="0.0">
    <ignored/>
  </testcase> <!-- MyContacts_View_TestScript_28 -->
  <testcase classname="com.automation.testscripts.AutomationScripts" name="MySettings_UserMenu_Option_TestScript_07" time="0.0">
    <ignored/>
  </testcase> <!-- MySettings_UserMenu_Option_TestScript_07 -->
  <testcase classname="com.automation.testscripts.AutomationScripts" name="Todays_Lead_TestScript_23" time="0.0">
    <ignored/>
  </testcase> <!-- Todays_Lead_TestScript_23 -->
  <testcase classname="com.automation.testscripts.AutomationScripts" name="Merge_Accounts_TestScript_13" time="0.0">
    <ignored/>
  </testcase> <!-- Merge_Accounts_TestScript_13 -->
  <testcase classname="com.automation.testscripts.AutomationScripts" name="Opty_Pipeline_Report_TestScript_17" time="0.0">
    <ignored/>
  </testcase> <!-- Opty_Pipeline_Report_TestScript_17 -->
  <testcase classname="com.automation.testscripts.AutomationScripts" name="Account_New_View_TestScript_11" time="0.0">
    <ignored/>
  </testcase> <!-- Account_New_View_TestScript_11 -->
  <testcase classname="com.automation.testscripts.AutomationScripts" name="Forgot_Password_TestScript__4A" time="0.0">
    <ignored/>
  </testcase> <!-- Forgot_Password_TestScript__4A -->
  <testcase classname="com.automation.testscripts.AutomationScripts" name="Create_NewContact_TestScript_32" time="0.0">
    <ignored/>
  </testcase> <!-- Create_NewContact_TestScript_32 -->
  <testcase classname="com.automation.testscripts.AutomationScripts" name="NewButton_Lead_TestScript_24" time="0.0">
    <ignored/>
  </testcase> <!-- NewButton_Lead_TestScript_24 -->
  <testcase classname="com.automation.testscripts.AutomationScripts" name="Lead_GoButton_TestScript_22" time="0.0">
    <ignored/>
  </testcase> <!-- Lead_GoButton_TestScript_22 -->
  <testcase classname="com.automation.testscripts.AutomationScripts" name="Create_Account_Report_TestScript_14" time="0.0">
    <ignored/>
  </testcase> <!-- Create_Account_Report_TestScript_14 -->
  <testcase classname="com.automation.testscripts.AutomationScripts" name="Create_NewViewFor_Contact_TestScript_26" time="0.0">
    <ignored/>
  </testcase> <!-- Create_NewViewFor_Contact_TestScript_26 -->
  <testcase classname="com.automation.testscripts.AutomationScripts" name="Cancel_Button_Create_NewView_TestScript_31" time="0.0">
    <ignored/>
  </testcase> <!-- Cancel_Button_Create_NewView_TestScript_31 -->
  <testcase classname="com.automation.testscripts.AutomationScripts" name="New_opty_TestScript_16" time="0.0">
    <ignored/>
  </testcase> <!-- New_opty_TestScript_16 -->
  <testcase classname="com.automation.testscripts.AutomationScripts" name="User_Menu_Dropdown_TestScript_05" time="0.0">
    <ignored/>
  </testcase> <!-- User_Menu_Dropdown_TestScript_05 -->
  <testcase classname="com.automation.testscripts.AutomationScripts" name="Tab_Customization_TestScript_35" time="0.0">
    <ignored/>
  </testcase> <!-- Tab_Customization_TestScript_35 -->
  <testcase classname="com.automation.testscripts.AutomationScripts" name="Quaterly_Summary_report_TestScript_19" time="0.0">
    <ignored/>
  </testcase> <!-- Quaterly_Summary_report_TestScript_19 -->
  <testcase classname="com.automation.testscripts.AutomationScripts" name="UserName_Verification_TestSCript_33" time="0.0">
    <ignored/>
  </testcase> <!-- UserName_Verification_TestSCript_33 -->
  <testcase classname="com.automation.testscripts.AutomationScripts" name="Forgot_Password_TestScript_4B" time="0.0">
    <ignored/>
  </testcase> <!-- Forgot_Password_TestScript_4B -->
  <testcase classname="com.automation.testscripts.AutomationScripts" name="Edit_View_Script_12" time="0.0">
    <ignored/>
  </testcase> <!-- Edit_View_Script_12 -->
  <testcase classname="com.automation.testscripts.AutomationScripts" name="Blocking_Event_Recurrence_TestScript_37" time="0.0">
    <ignored/>
  </testcase> <!-- Blocking_Event_Recurrence_TestScript_37 -->
  <testcase classname="com.automation.testscripts.AutomationScripts" name="Success_login_TestScript_02" time="0.0">
    <ignored/>
  </testcase> <!-- Success_login_TestScript_02 -->
  <testcase classname="com.automation.testscripts.AutomationScripts" name="DevConsole_UserMenu_Option_TestScript_08" time="0.0">
    <ignored/>
  </testcase> <!-- DevConsole_UserMenu_Option_TestScript_08 -->
  <testcase classname="com.automation.testscripts.AutomationScripts" name="Blocking_Event_InCalender_TestScript_36" time="0.0">
    <ignored/>
  </testcase> <!-- Blocking_Event_InCalender_TestScript_36 -->
  <testcase classname="com.automation.testscripts.AutomationScripts" name="Logout_TestScript_09" time="0.0">
    <ignored/>
  </testcase> <!-- Logout_TestScript_09 -->
  <testcase classname="com.automation.testscripts.AutomationScripts" name="MyProfile_UserMenu_Option_TestScript_06" time="0.0">
    <ignored/>
  </testcase> <!-- MyProfile_UserMenu_Option_TestScript_06 -->
  <testcase classname="com.automation.testscripts.AutomationScripts" name="opportunities_TestScript_15" time="0.0">
    <ignored/>
  </testcase> <!-- opportunities_TestScript_15 -->
  <testcase classname="com.automation.testscripts.AutomationScripts" name="Create_NewContact_TestScript_25" time="0.0">
    <ignored/>
  </testcase> <!-- Create_NewContact_TestScript_25 -->
  <testcase classname="com.automation.testscripts.AutomationScripts" name="Create_Account_TestScript_10" time="0.0">
    <ignored/>
  </testcase> <!-- Create_Account_TestScript_10 -->
  <testcase classname="com.automation.testscripts.AutomationScripts" name="Lead_HomePage_TestScript_20" time="0.0">
    <ignored/>
  </testcase> <!-- Lead_HomePage_TestScript_20 -->
  <testcase classname="com.automation.testscripts.AutomationScripts" name="Recent_Contacts_TestScript_27" time="0.0">
    <ignored/>
  </testcase> <!-- Recent_Contacts_TestScript_27 -->
</testsuite> <!-- chormeTest -->
